<?xml version="1.0" encoding="UTF-8"?>
<!-- Generated by org.testng.reporters.JUnitXMLReporter -->
<testsuite ignored="1" hostname="User-PC" failures="0" tests="1" name="Default test" time="0.237" errors="0" timestamp="2021-05-09T18:04:44 IST">
  <testcase classname="SnehalAcadamy.SeleniumTest" name="BrowserAUtomation" time="0.032"/>
  <testcase classname="SnehalAcadamy.SeleniumTest" name="elementsUi" time="0.0">
    <ignored/>
  </testcase> <!-- elementsUi -->
</testsuite> <!-- Default test -->
