<?xml version="1.0" encoding="UTF-8"?>
<testng-results ignored="1" total="2" passed="1" failed="0" skipped="0">
  <reporter-output>
  </reporter-output>
  <suite started-at="2021-05-09T18:04:43 IST" name="Default suite" finished-at="2021-05-09T18:04:43 IST" duration-ms="237">
    <groups>
    </groups>
    <test started-at="2021-05-09T18:04:43 IST" name="Default test" finished-at="2021-05-09T18:04:43 IST" duration-ms="237">
      <class name="SnehalAcadamy.SeleniumTest">
        <test-method signature="BrowserAUtomation()[pri:0, instance:SnehalAcadamy.SeleniumTest@31d7b7bf]" started-at="2021-05-09T18:04:43 IST" name="BrowserAUtomation" finished-at="2021-05-09T18:04:43 IST" duration-ms="32" status="PASS">
          <reporter-output>
          </reporter-output>
        </test-method> <!-- BrowserAUtomation -->
      </class> <!-- SnehalAcadamy.SeleniumTest -->
    </test> <!-- Default test -->
  </suite> <!-- Default suite -->
</testng-results>
