<?xml version="1.0" encoding="UTF-8"?>
<testng-results ignored="0" total="2" passed="2" failed="0" skipped="0">
  <reporter-output>
  </reporter-output>
  <suite started-at="2021-06-13T15:39:08 IST" name="Suite" finished-at="2021-06-13T15:42:11 IST" duration-ms="182937">
    <groups>
    </groups>
    <test started-at="2021-06-13T15:39:08 IST" name="Page verification" finished-at="2021-06-13T15:41:19 IST" duration-ms="130513">
      <class name="Framework.validateNavigationBar">
        <test-method is-config="true" signature="initialize()[pri:0, instance:Framework.validateNavigationBar@45efc20d]" started-at="2021-06-13T15:39:08 IST" name="initialize" finished-at="2021-06-13T15:39:55 IST" duration-ms="46790" status="PASS">
          <reporter-output>
          </reporter-output>
        </test-method> <!-- initialize -->
        <test-method signature="validateAppNavBar()[pri:0, instance:Framework.validateNavigationBar@45efc20d]" started-at="2021-06-13T15:39:55 IST" name="validateAppNavBar" finished-at="2021-06-13T15:41:13 IST" duration-ms="78184" status="PASS">
          <reporter-output>
          </reporter-output>
        </test-method> <!-- validateAppNavBar -->
        <test-method is-config="true" signature="teardown()[pri:0, instance:Framework.validateNavigationBar@45efc20d]" started-at="2021-06-13T15:41:13 IST" name="teardown" finished-at="2021-06-13T15:41:19 IST" duration-ms="5321" status="PASS">
          <reporter-output>
          </reporter-output>
        </test-method> <!-- teardown -->
      </class> <!-- Framework.validateNavigationBar -->
    </test> <!-- Page verification -->
    <test started-at="2021-06-13T15:39:08 IST" name="Shopping page" finished-at="2021-06-13T15:42:11 IST" duration-ms="182937">
      <class name="Framework.HomePage">
        <test-method is-config="true" signature="initialize()[pri:0, instance:Framework.HomePage@5dd91bca]" started-at="2021-06-13T15:39:08 IST" name="initialize" finished-at="2021-06-13T15:40:10 IST" duration-ms="61901" status="PASS">
          <reporter-output>
          </reporter-output>
        </test-method> <!-- initialize -->
        <test-method signature="basePageNavigation()[pri:0, instance:Framework.HomePage@5dd91bca]" started-at="2021-06-13T15:40:10 IST" name="basePageNavigation" finished-at="2021-06-13T15:42:10 IST" duration-ms="119631" status="PASS">
          <reporter-output>
          </reporter-output>
        </test-method> <!-- basePageNavigation -->
        <test-method is-config="true" signature="teardown()[pri:0, instance:Framework.HomePage@5dd91bca]" started-at="2021-06-13T15:42:10 IST" name="teardown" finished-at="2021-06-13T15:42:11 IST" duration-ms="1384" status="PASS">
          <reporter-output>
          </reporter-output>
        </test-method> <!-- teardown -->
      </class> <!-- Framework.HomePage -->
    </test> <!-- Shopping page -->
  </suite> <!-- Suite -->
</testng-results>
